#
# There is insufficient memory for the Java Runtime Environment to continue.
# Native memory allocation (malloc) failed to allocate 491056 bytes for Chunk::new
# Possible reasons:
#   The system is out of physical RAM or swap space
#   In 32 bit mode, the process size limit was hit
# Possible solutions:
#   Reduce memory load on the system
#   Increase physical memory or swap space
#   Check if swap backing store is full
#   Use 64 bit Java on a 64 bit OS
#   Decrease Java heap size (-Xmx/-Xms)
#   Decrease number of Java threads
#   Decrease Java thread stack sizes (-Xss)
#   Set larger code cache with -XX:ReservedCodeCacheSize=
# This output file may be truncated or incomplete.
#
#  Out of Memory Error (allocation.cpp:390), pid=2876, tid=0x00000000000043e0
#
# JRE version: Java(TM) SE Runtime Environment (8.0_181-b13) (build 1.8.0_181-b13)
# Java VM: Java HotSpot(TM) 64-Bit Server VM (25.181-b13 mixed mode windows-amd64 compressed oops)
# Failed to write core dump. Minidumps are not enabled by default on client versions of Windows
#

---------------  T H R E A D  ---------------

Current thread (0x0000000019c4b000):  JavaThread "C2 CompilerThread0" daemon [_thread_in_native, id=17376, stack(0x000000001a420000,0x000000001a520000)]

Stack: [0x000000001a420000,0x000000001a520000]
[error occurred during error reporting (printing stack bounds), id 0xc0000005]

Native frames: (J=compiled Java code, j=interpreted, Vv=VM code, C=native code)


Current CompileTask:
C2:  43892 1421   !   4       javax.swing.RepaintManager::addDirtyRegion0 (205 bytes)


---------------  P R O C E S S  ---------------

Java Threads: ( => current thread )
  0x000000001ac58800 JavaThread "AWT-EventQueue-0" [_thread_in_native, id=11692, stack(0x000000001b990000,0x000000001ba90000)]
  0x000000001ac29000 JavaThread "TimerQueue" daemon [_thread_blocked, id=19276, stack(0x000000001b890000,0x000000001b990000)]
  0x000000001abcc800 JavaThread "AWT-Windows" daemon [_thread_in_native, id=19012, stack(0x000000001b560000,0x000000001b660000)]
  0x000000001abc9800 JavaThread "AWT-Shutdown" [_thread_blocked, id=16196, stack(0x000000001b460000,0x000000001b560000)]
  0x000000001abc3000 JavaThread "Java2D Disposer" daemon [_thread_blocked, id=4508, stack(0x000000001b360000,0x000000001b460000)]
  0x0000000019c73000 JavaThread "Service Thread" daemon [_thread_blocked, id=14156, stack(0x000000001a820000,0x000000001a920000)]
  0x0000000019c56000 JavaThread "C1 CompilerThread3" daemon [_thread_blocked, id=11360, stack(0x000000001a720000,0x000000001a820000)]
  0x0000000019c52000 JavaThread "C2 CompilerThread2" daemon [_thread_blocked, id=4240, stack(0x000000001a620000,0x000000001a720000)]
  0x0000000019c4f000 JavaThread "C2 CompilerThread1" daemon [_thread_blocked, id=16996, stack(0x000000001a520000,0x000000001a620000)]
=>0x0000000019c4b000 JavaThread "C2 CompilerThread0" daemon [_thread_in_native, id=17376, stack(0x000000001a420000,0x000000001a520000)]
  0x0000000019c49000 JavaThread "Attach Listener" daemon [_thread_blocked, id=10324, stack(0x000000001a320000,0x000000001a420000)]
  0x0000000019c48000 JavaThread "Signal Dispatcher" daemon [_thread_blocked, id=19376, stack(0x000000001a220000,0x000000001a320000)]
  0x0000000002dd9800 JavaThread "Finalizer" daemon [_thread_blocked, id=10056, stack(0x000000001a020000,0x000000001a120000)]
  0x0000000002dd8000 JavaThread "Reference Handler" daemon [_thread_blocked, id=11656, stack(0x0000000019b20000,0x0000000019c20000)]
  0x0000000002b7e800 JavaThread "main" [_thread_in_Java, id=6544, stack(0x0000000002be0000,0x0000000002ce0000)]

Other Threads:
  0x0000000017d48000 VMThread [stack: 0x0000000019a20000,0x0000000019b20000] [id=19124]
  0x0000000019c73800 WatcherThread [stack: 0x000000001a920000,0x000000001aa20000] [id=15212]

VM state:not at safepoint (normal execution)

VM Mutex/Monitor currently owned by a thread: None

Heap:
 PSYoungGen      total 588288K, used 517218K [0x00000000d5f80000, 0x0000000100000000, 0x0000000100000000)
  eden space 587776K, 87% used [0x00000000d5f80000,0x00000000f5870800,0x00000000f9d80000)
  from space 512K, 31% used [0x00000000f9d80000,0x00000000f9da8000,0x00000000f9e00000)
  to   space 512K, 0% used [0x00000000fff80000,0x00000000fff80000,0x0000000100000000)
 ParOldGen       total 90624K, used 32871K [0x0000000081e00000, 0x0000000087680000, 0x00000000d5f80000)
  object space 90624K, 36% used [0x0000000081e00000,0x0000000083e19c70,0x0000000087680000)
 Metaspace       used 10376K, capacity 10574K, committed 10752K, reserved 1058816K
  class space    used 1181K, capacity 1257K, committed 1280K, reserved 1048576K

Card table byte_map: [0x00000000121a0000,0x00000000125a0000] byte_map_base: 0x0000000011d91000

Marking Bits: (ParMarkBitMap*) 0x00000000568b2d00
 Begin Bits: [0x0000000013050000, 0x0000000014fd8000)
 End Bits:   [0x0000000014fd8000, 0x0000000016f60000)

Polling page: 0x0000000000e50000

CodeCache: size=245760Kb used=5072Kb max_used=5250Kb free=240687Kb
 bounds [0x0000000002de0000, 0x0000000003330000, 0x0000000011de0000]
 total_blobs=1732 nmethods=1278 adapters=366
 compilation: enabled

Compilation events (10 events):
Event: 36.998 Thread 0x0000000019c56000 nmethod 1416 0x000000000304d750 code [0x000000000304d8a0, 0x000000000304d9b0]
Event: 39.528 Thread 0x0000000019c4f000 1417 % !   4       javax.swing.TimerQueue::run @ 9 (242 bytes)
Event: 39.544 Thread 0x0000000019c4f000 nmethod 1417% 0x0000000003054d50 code [0x0000000003054fe0, 0x0000000003055b48]
Event: 40.996 Thread 0x0000000019c4b000 1418       4       java.util.IdentityHashMap$KeySet::iterator (13 bytes)
Event: 40.997 Thread 0x0000000019c4b000 nmethod 1418 0x0000000003054a10 code [0x0000000003054b60, 0x0000000003054c68]
Event: 41.703 Thread 0x0000000019c52000 1419       4       java.util.IdentityHashMap$KeyIterator::<init> (6 bytes)
Event: 41.703 Thread 0x0000000019c4f000 1420       4       java.util.IdentityHashMap$KeyIterator::<init> (12 bytes)
Event: 41.704 Thread 0x0000000019c52000 nmethod 1419 0x0000000003042750 code [0x0000000003042880, 0x0000000003042958]
Event: 41.704 Thread 0x0000000019c4f000 nmethod 1420 0x00000000030599d0 code [0x0000000003059b00, 0x0000000003059bd8]
Event: 42.075 Thread 0x0000000019c4b000 1421   !   4       javax.swing.RepaintManager::addDirtyRegion0 (205 bytes)

GC Heap History (10 events):
Event: 41.620 GC heap before
{Heap before GC invocations=175 (full 1):
 PSYoungGen      total 215552K, used 215136K [0x00000000d5f80000, 0x00000000f9e80000, 0x0000000100000000)
  eden space 215040K, 100% used [0x00000000d5f80000,0x00000000e3180000,0x00000000e3180000)
  from space 512K, 18% used [0x00000000f9d80000,0x00000000f9d98000,0x00000000f9e00000)
  to   space 512K, 0% used [0x00000000f9e00000,0x00000000f9e00000,0x00000000f9e80000)
 ParOldGen       total 90624K, used 32323K [0x0000000081e00000, 0x0000000087680000, 0x00000000d5f80000)
  object space 90624K, 35% used [0x0000000081e00000,0x0000000083d90f98,0x0000000087680000)
 Metaspace       used 10375K, capacity 10574K, committed 10752K, reserved 1058816K
  class space    used 1180K, capacity 1257K, committed 1280K, reserved 1048576K
Event: 41.622 GC heap after
Heap after GC invocations=175 (full 1):
 PSYoungGen      total 206336K, used 128K [0x00000000d5f80000, 0x00000000f9e80000, 0x0000000100000000)
  eden space 205824K, 0% used [0x00000000d5f80000,0x00000000d5f80000,0x00000000e2880000)
  from space 512K, 25% used [0x00000000f9e00000,0x00000000f9e20000,0x00000000f9e80000)
  to   space 512K, 0% used [0x00000000f9d80000,0x00000000f9d80000,0x00000000f9e00000)
 ParOldGen       total 90624K, used 32323K [0x0000000081e00000, 0x0000000087680000, 0x00000000d5f80000)
  object space 90624K, 35% used [0x0000000081e00000,0x0000000083d90f98,0x0000000087680000)
 Metaspace       used 10375K, capacity 10574K, committed 10752K, reserved 1058816K
  class space    used 1180K, capacity 1257K, committed 1280K, reserved 1048576K
}
Event: 41.746 GC heap before
{Heap before GC invocations=176 (full 1):
 PSYoungGen      total 206336K, used 205952K [0x00000000d5f80000, 0x00000000f9e80000, 0x0000000100000000)
  eden space 205824K, 100% used [0x00000000d5f80000,0x00000000e2880000,0x00000000e2880000)
  from space 512K, 25% used [0x00000000f9e00000,0x00000000f9e20000,0x00000000f9e80000)
  to   space 512K, 0% used [0x00000000f9d80000,0x00000000f9d80000,0x00000000f9e00000)
 ParOldGen       total 90624K, used 32326K [0x0000000081e00000, 0x0000000087680000, 0x00000000d5f80000)
  object space 90624K, 35% used [0x0000000081e00000,0x0000000083d91858,0x0000000087680000)
 Metaspace       used 10376K, capacity 10574K, committed 10752K, reserved 1058816K
  class space    used 1181K, capacity 1257K, committed 1280K, reserved 1048576K
Event: 41.747 GC heap after
Heap after GC invocations=176 (full 1):
 PSYoungGen      total 197632K, used 192K [0x00000000d5f80000, 0x00000000f9e80000, 0x0000000100000000)
  eden space 197120K, 0% used [0x00000000d5f80000,0x00000000d5f80000,0x00000000e2000000)
  from space 512K, 37% used [0x00000000f9d80000,0x00000000f9db0000,0x00000000f9e00000)
  to   space 512K, 0% used [0x00000000f9e00000,0x00000000f9e00000,0x00000000f9e80000)
 ParOldGen       total 90624K, used 32326K [0x0000000081e00000, 0x0000000087680000, 0x00000000d5f80000)
  object space 90624K, 35% used [0x0000000081e00000,0x0000000083d91858,0x0000000087680000)
 Metaspace       used 10376K, capacity 10574K, committed 10752K, reserved 1058816K
  class space    used 1181K, capacity 1257K, committed 1280K, reserved 1048576K
}
Event: 41.747 GC heap before
{Heap before GC invocations=177 (full 1):
 PSYoungGen      total 197632K, used 4132K [0x00000000d5f80000, 0x00000000f9e80000, 0x0000000100000000)
  eden space 197120K, 1% used [0x00000000d5f80000,0x00000000d6359300,0x00000000e2000000)
  from space 512K, 37% used [0x00000000f9d80000,0x00000000f9db0000,0x00000000f9e00000)
  to   space 512K, 0% used [0x00000000f9e00000,0x00000000f9e00000,0x00000000f9e80000)
 ParOldGen       total 90624K, used 32326K [0x0000000081e00000, 0x0000000087680000, 0x00000000d5f80000)
  object space 90624K, 35% used [0x0000000081e00000,0x0000000083d91858,0x0000000087680000)
 Metaspace       used 10376K, capacity 10574K, committed 10752K, reserved 1058816K
  class space    used 1181K, capacity 1257K, committed 1280K, reserved 1048576K
Event: 41.748 GC heap after
Heap after GC invocations=177 (full 1):
 PSYoungGen      total 237056K, used 96K [0x00000000d5f80000, 0x00000000f9e80000, 0x0000000100000000)
  eden space 236544K, 0% used [0x00000000d5f80000,0x00000000d5f80000,0x00000000e4680000)
  from space 512K, 18% used [0x00000000f9e00000,0x00000000f9e18000,0x00000000f9e80000)
  to   space 512K, 0% used [0x00000000f9d80000,0x00000000f9d80000,0x00000000f9e00000)
 ParOldGen       total 90624K, used 32366K [0x0000000081e00000, 0x0000000087680000, 0x00000000d5f80000)
  object space 90624K, 35% used [0x0000000081e00000,0x0000000083d9b858,0x0000000087680000)
 Metaspace       used 10376K, capacity 10574K, committed 10752K, reserved 1058816K
  class space    used 1181K, capacity 1257K, committed 1280K, reserved 1048576K
}
Event: 41.894 GC heap before
{Heap before GC invocations=178 (full 1):
 PSYoungGen      total 237056K, used 236640K [0x00000000d5f80000, 0x00000000f9e80000, 0x0000000100000000)
  eden space 236544K, 100% used [0x00000000d5f80000,0x00000000e4680000,0x00000000e4680000)
  from space 512K, 18% used [0x00000000f9e00000,0x00000000f9e18000,0x00000000f9e80000)
  to   space 512K, 0% used [0x00000000f9d80000,0x00000000f9d80000,0x00000000f9e00000)
 ParOldGen       total 90624K, used 32366K [0x0000000081e00000, 0x0000000087680000, 0x00000000d5f80000)
  object space 90624K, 35% used [0x0000000081e00000,0x0000000083d9b858,0x0000000087680000)
 Metaspace       used 10376K, capacity 10574K, committed 10752K, reserved 1058816K
  class space    used 1181K, capacity 1257K, committed 1280K, reserved 1048576K
Event: 41.895 GC heap after
Heap after GC invocations=178 (full 1):
 PSYoungGen      total 284160K, used 96K [0x00000000d5f80000, 0x00000000f9e80000, 0x0000000100000000)
  eden space 283648K, 0% used [0x00000000d5f80000,0x00000000d5f80000,0x00000000e7480000)
  from space 512K, 18% used [0x00000000f9d80000,0x00000000f9d98000,0x00000000f9e00000)
  to   space 512K, 0% used [0x00000000f9e00000,0x00000000f9e00000,0x00000000f9e80000)
 ParOldGen       total 90624K, used 32366K [0x0000000081e00000, 0x0000000087680000, 0x00000000d5f80000)
  object space 90624K, 35% used [0x0000000081e00000,0x0000000083d9b858,0x0000000087680000)
 Metaspace       used 10376K, capacity 10574K, committed 10752K, reserved 1058816K
  class space    used 1181K, capacity 1257K, committed 1280K, reserved 1048576K
}
Event: 42.067 GC heap before
{Heap before GC invocations=179 (full 1):
 PSYoungGen      total 284160K, used 283744K [0x00000000d5f80000, 0x00000000f9e80000, 0x0000000100000000)
  eden space 283648K, 100% used [0x00000000d5f80000,0x00000000e7480000,0x00000000e7480000)
  from space 512K, 18% used [0x00000000f9d80000,0x00000000f9d98000,0x00000000f9e00000)
  to   space 512K, 0% used [0x00000000f9e00000,0x00000000f9e00000,0x00000000f9e80000)
 ParOldGen       total 90624K, used 32390K [0x0000000081e00000, 0x0000000087680000, 0x00000000d5f80000)
  object space 90624K, 35% used [0x0000000081e00000,0x0000000083da19c0,0x0000000087680000)
 Metaspace       used 10376K, capacity 10574K, committed 10752K, reserved 1058816K
  class space    used 1181K, capacity 1257K, committed 1280K, reserved 1048576K
Event: 42.068 GC heap after
Heap after GC invocations=179 (full 1):
 PSYoungGen      total 340480K, used 160K [0x00000000d5f80000, 0x00000000f9e80000, 0x0000000100000000)
  eden space 339968K, 0% used [0x00000000d5f80000,0x00000000d5f80000,0x00000000eab80000)
  from space 512K, 31% used [0x00000000f9e00000,0x00000000f9e28000,0x00000000f9e80000)
  to   space 512K, 0% used [0x00000000f9d80000,0x00000000f9d80000,0x00000000f9e00000)
 ParOldGen       total 90624K, used 32414K [0x0000000081e00000, 0x0000000087680000, 0x00000000d5f80000)
  object space 90624K, 35% used [0x0000000081e00000,0x0000000083da79c0,0x0000000087680000)
 Metaspace       used 10376K, capacity 10574K, committed 10752K, reserved 1058816K
  class space    used 1181K, capacity 1257K, committed 1280K, reserved 1048576K
}

Deoptimization events (10 events):
Event: 5.432 Thread 0x000000001ac58800 Uncommon trap: reason=unstable_if action=reinterpret pc=0x0000000003037180 method=java.lang.CharacterData.of(I)Ljava/lang/CharacterData; @ 4
Event: 5.580 Thread 0x000000001ac58800 Uncommon trap: reason=unstable_if action=reinterpret pc=0x00000000030f3a10 method=java.lang.Character.isSurrogate(C)Z @ 3
Event: 5.580 Thread 0x000000001ac58800 Uncommon trap: reason=unstable_if action=reinterpret pc=0x000000000305b138 method=java.lang.String.toLowerCase(Ljava/util/Locale;)Ljava/lang/String; @ 176
Event: 7.015 Thread 0x000000001ac58800 Uncommon trap: reason=unstable_if action=reinterpret pc=0x000000000317700c method=java.awt.EventQueue.postEvent(Ljava/awt/AWTEvent;I)V @ 6
Event: 8.377 Thread 0x000000001ac58800 Uncommon trap: reason=unstable_if action=reinterpret pc=0x00000000031c80b0 method=sun.awt.image.ToolkitImage.hasError()Z @ 4
Event: 8.377 Thread 0x000000001ac58800 Uncommon trap: reason=unstable_if action=reinterpret pc=0x00000000031d8db0 method=sun.java2d.loops.RenderCache$Entry.matches(Lsun/java2d/loops/SurfaceType;Lsun/java2d/loops/CompositeType;Lsun/java2d/loops/SurfaceType;)Z @ 21
Event: 15.558 Thread 0x0000000002b7e800 Uncommon trap: reason=predicate action=maybe_recompile pc=0x00000000032725f4 method=java.util.ArrayList.indexOf(Ljava/lang/Object;)I @ 44
Event: 17.546 Thread 0x000000001ac58800 Uncommon trap: reason=class_check action=maybe_recompile pc=0x00000000031d34c8 method=java.awt.EventQueue.setCurrentEventAndMostRecentTimeImpl(Ljava/awt/AWTEvent;)V @ 53
Event: 18.103 Thread 0x000000001ac58800 Uncommon trap: reason=unstable_if action=reinterpret pc=0x00000000031ec128 method=jumpygrof.Kangaroo.takeFood()V @ 8
Event: 24.136 Thread 0x000000001ac58800 Uncommon trap: reason=class_check action=maybe_recompile pc=0x00000000031d34c8 method=java.awt.EventQueue.setCurrentEventAndMostRecentTimeImpl(Ljava/awt/AWTEvent;)V @ 53

Classes redefined (0 events):
No events

Internal exceptions (10 events):
Event: 5.438 Thread 0x000000001ac58800 Exception <a 'java/io/FileNotFoundException'> (0x00000000d704fa68) thrown at [C:\re\workspace\8-2-build-windows-amd64-cygwin\jdk8u181\11358\hotspot\src\share\vm\prims\jni.cpp, line 709]
Event: 5.438 Thread 0x000000001ac58800 Exception <a 'java/io/FileNotFoundException'> (0x00000000d7050e58) thrown at [C:\re\workspace\8-2-build-windows-amd64-cygwin\jdk8u181\11358\hotspot\src\share\vm\prims\jni.cpp, line 709]
Event: 5.438 Thread 0x000000001ac58800 Exception <a 'java/io/FileNotFoundException'> (0x00000000d7052260) thrown at [C:\re\workspace\8-2-build-windows-amd64-cygwin\jdk8u181\11358\hotspot\src\share\vm\prims\jni.cpp, line 709]
Event: 5.445 Thread 0x000000001ac58800 Exception <a 'java/io/FileNotFoundException'> (0x00000000d7096198) thrown at [C:\re\workspace\8-2-build-windows-amd64-cygwin\jdk8u181\11358\hotspot\src\share\vm\prims\jni.cpp, line 709]
Event: 5.448 Thread 0x000000001ac58800 Exception <a 'java/io/FileNotFoundException'> (0x00000000d70b0d68) thrown at [C:\re\workspace\8-2-build-windows-amd64-cygwin\jdk8u181\11358\hotspot\src\share\vm\prims\jni.cpp, line 709]
Event: 5.448 Thread 0x000000001ac58800 Exception <a 'java/io/FileNotFoundException'> (0x00000000d70b34a8) thrown at [C:\re\workspace\8-2-build-windows-amd64-cygwin\jdk8u181\11358\hotspot\src\share\vm\prims\jni.cpp, line 709]
Event: 5.449 Thread 0x000000001ac58800 Exception <a 'java/io/FileNotFoundException'> (0x00000000d70b48c0) thrown at [C:\re\workspace\8-2-build-windows-amd64-cygwin\jdk8u181\11358\hotspot\src\share\vm\prims\jni.cpp, line 709]
Event: 5.449 Thread 0x000000001ac58800 Exception <a 'java/io/FileNotFoundException'> (0x00000000d70b5cb0) thrown at [C:\re\workspace\8-2-build-windows-amd64-cygwin\jdk8u181\11358\hotspot\src\share\vm\prims\jni.cpp, line 709]
Event: 5.449 Thread 0x000000001ac58800 Exception <a 'java/io/FileNotFoundException'> (0x00000000d70b70b8) thrown at [C:\re\workspace\8-2-build-windows-amd64-cygwin\jdk8u181\11358\hotspot\src\share\vm\prims\jni.cpp, line 709]
Event: 5.450 Thread 0x000000001ac58800 Exception <a 'java/io/FileNotFoundException'> (0x00000000d70bdb98) thrown at [C:\re\workspace\8-2-build-windows-amd64-cygwin\jdk8u181\11358\hotspot\src\share\vm\prims\jni.cpp, line 709]

Events (10 events):
Event: 41.746 Executing VM operation: ParallelGCFailedAllocation
Event: 41.747 Executing VM operation: ParallelGCFailedAllocation done
Event: 41.747 Executing VM operation: ParallelGCSystemGC
Event: 41.748 Executing VM operation: ParallelGCSystemGC done
Event: 41.894 Executing VM operation: ParallelGCFailedAllocation
Event: 41.895 Executing VM operation: ParallelGCFailedAllocation done
Event: 42.066 Executing VM operation: ParallelGCFailedAllocation
Event: 42.066 Executing VM operation: ParallelGCFailedAllocation done
Event: 42.067 Executing VM operation: ParallelGCSystemGC
Event: 42.068 Executing VM operation: ParallelGCSystemGC done


Dynamic libraries:
0x00007ff7501a0000 - 0x00007ff7501d7000 	C:\Program Files\Java\jdk1.8.0_181\bin\java.exe
0x00007ffb76860000 - 0x00007ffb76a50000 	C:\WINDOWS\SYSTEM32\ntdll.dll
0x00007ffb75f00000 - 0x00007ffb75fb2000 	C:\WINDOWS\System32\KERNEL32.DLL
0x00007ffb73b10000 - 0x00007ffb73db3000 	C:\WINDOWS\System32\KERNELBASE.dll
0x00007ffb76770000 - 0x00007ffb76813000 	C:\WINDOWS\System32\ADVAPI32.dll
0x00007ffb74a10000 - 0x00007ffb74aae000 	C:\WINDOWS\System32\msvcrt.dll
0x00007ffb75e60000 - 0x00007ffb75ef7000 	C:\WINDOWS\System32\sechost.dll
0x00007ffb74e00000 - 0x00007ffb74f20000 	C:\WINDOWS\System32\RPCRT4.dll
0x00007ffb74b20000 - 0x00007ffb74cb4000 	C:\WINDOWS\System32\USER32.dll
0x00007ffb737f0000 - 0x00007ffb73811000 	C:\WINDOWS\System32\win32u.dll
0x00007ffb74910000 - 0x00007ffb74936000 	C:\WINDOWS\System32\GDI32.dll
0x00007ffb74770000 - 0x00007ffb74904000 	C:\WINDOWS\System32\gdi32full.dll
0x00007ffb739c0000 - 0x00007ffb73a5e000 	C:\WINDOWS\System32\msvcp_win.dll
0x00007ffb73e90000 - 0x00007ffb73f8a000 	C:\WINDOWS\System32\ucrtbase.dll
0x00007ffb658d0000 - 0x00007ffb65b55000 	C:\WINDOWS\WinSxS\amd64_microsoft.windows.common-controls_6595b64144ccf1df_6.0.18362.476_none_e6c4b11b130f2595\COMCTL32.dll
0x00007ffb76430000 - 0x00007ffb76766000 	C:\WINDOWS\System32\combase.dll
0x00007ffb73dc0000 - 0x00007ffb73e40000 	C:\WINDOWS\System32\bcryptPrimitives.dll
0x00007ffb750c0000 - 0x00007ffb750ee000 	C:\WINDOWS\System32\IMM32.DLL
0x0000000055fb0000 - 0x0000000056082000 	C:\Program Files\Java\jdk1.8.0_181\jre\bin\msvcr100.dll
0x0000000056090000 - 0x0000000056932000 	C:\Program Files\Java\jdk1.8.0_181\jre\bin\server\jvm.dll
0x00007ffb74ab0000 - 0x00007ffb74ab8000 	C:\WINDOWS\System32\PSAPI.DLL
0x00007ffb5a520000 - 0x00007ffb5a529000 	C:\WINDOWS\SYSTEM32\WSOCK32.dll
0x00007ffb74cc0000 - 0x00007ffb74d2f000 	C:\WINDOWS\System32\WS2_32.dll
0x00007ffb6de80000 - 0x00007ffb6dea4000 	C:\WINDOWS\SYSTEM32\WINMM.dll
0x00007ffb6db80000 - 0x00007ffb6db8a000 	C:\WINDOWS\SYSTEM32\VERSION.dll
0x00007ffb6dbc0000 - 0x00007ffb6dbed000 	C:\WINDOWS\SYSTEM32\winmmbase.dll
0x00007ffb73970000 - 0x00007ffb739ba000 	C:\WINDOWS\System32\cfgmgr32.dll
0x0000000057540000 - 0x000000005754f000 	C:\Program Files\Java\jdk1.8.0_181\jre\bin\verify.dll
0x0000000056fb0000 - 0x0000000056fd9000 	C:\Program Files\Java\jdk1.8.0_181\jre\bin\java.dll
0x0000000056f90000 - 0x0000000056fa6000 	C:\Program Files\Java\jdk1.8.0_181\jre\bin\zip.dll
0x00007ffb755c0000 - 0x00007ffb75ca5000 	C:\WINDOWS\System32\SHELL32.dll
0x00007ffb75510000 - 0x00007ffb755b9000 	C:\WINDOWS\System32\shcore.dll
0x00007ffb73f90000 - 0x00007ffb7470e000 	C:\WINDOWS\System32\windows.storage.dll
0x00007ffb73780000 - 0x00007ffb7379f000 	C:\WINDOWS\System32\profapi.dll
0x00007ffb737a0000 - 0x00007ffb737ea000 	C:\WINDOWS\System32\powrprof.dll
0x00007ffb73730000 - 0x00007ffb73740000 	C:\WINDOWS\System32\UMPDC.dll
0x00007ffb74ac0000 - 0x00007ffb74b12000 	C:\WINDOWS\System32\shlwapi.dll
0x00007ffb73740000 - 0x00007ffb73751000 	C:\WINDOWS\System32\kernel.appcore.dll
0x00007ffb73e40000 - 0x00007ffb73e57000 	C:\WINDOWS\System32\cryptsp.dll
0x0000000055e10000 - 0x0000000055fa9000 	C:\Program Files\Java\jdk1.8.0_181\jre\bin\awt.dll
0x00007ffb74d30000 - 0x00007ffb74df4000 	C:\WINDOWS\System32\OLEAUT32.dll
0x00007ffb71300000 - 0x00007ffb7138f000 	C:\WINDOWS\SYSTEM32\apphelp.dll
0x00007ffb71440000 - 0x00007ffb714d9000 	C:\WINDOWS\system32\uxtheme.dll
0x00007ffb753d0000 - 0x00007ffb75506000 	C:\WINDOWS\System32\MSCTF.dll
0x00007ffb75270000 - 0x00007ffb753c6000 	C:\WINDOWS\System32\ole32.dll
0x00007ffb71cb0000 - 0x00007ffb71cdd000 	C:\WINDOWS\system32\DWMAPI.DLL
0x0000000055ce0000 - 0x0000000055d11000 	C:\Program Files\Java\jdk1.8.0_181\jre\bin\jpeg.dll
0x00007ffb5e5d0000 - 0x00007ffb5e726000 	C:\WINDOWS\system32\opengl32.dll
0x00007ffb66190000 - 0x00007ffb661bc000 	C:\WINDOWS\SYSTEM32\GLU32.dll
0x00007ffb72370000 - 0x00007ffb72390000 	C:\WINDOWS\SYSTEM32\dxcore.dll
0x0000000055dc0000 - 0x0000000055e07000 	C:\Program Files\Java\jdk1.8.0_181\jre\bin\fontmanager.dll
0x0000000056f70000 - 0x0000000056f8a000 	C:\Program Files\Java\jdk1.8.0_181\jre\bin\net.dll
0x00007ffb72f70000 - 0x00007ffb72fd7000 	C:\WINDOWS\system32\mswsock.dll
0x0000000056f50000 - 0x0000000056f61000 	C:\Program Files\Java\jdk1.8.0_181\jre\bin\nio.dll
0x0000000055d70000 - 0x0000000055db2000 	C:\Program Files\Java\jdk1.8.0_181\jre\bin\t2k.dll
0x00007ffb602c0000 - 0x00007ffb6035e000 	C:\WINDOWS\System32\TextInputFramework.dll
0x00007ffb6bec0000 - 0x00007ffb6c1ea000 	C:\WINDOWS\System32\CoreUIComponents.dll
0x00007ffb70d80000 - 0x00007ffb70e54000 	C:\WINDOWS\System32\CoreMessaging.dll
0x00007ffb72760000 - 0x00007ffb72791000 	C:\WINDOWS\SYSTEM32\ntmarta.dll
0x00007ffb6f050000 - 0x00007ffb6f1a3000 	C:\WINDOWS\SYSTEM32\wintypes.dll
0x00007ffb65220000 - 0x00007ffb654c6000 	C:\WINDOWS\System32\iertutil.dll
0x00007ffb74f20000 - 0x00007ffb74fc2000 	C:\WINDOWS\System32\clbcatq.dll
0x00007ffb48180000 - 0x00007ffb48369000 	C:\WINDOWS\system32\sogoutsf.ime
0x00007ffb66760000 - 0x00007ffb66767000 	C:\WINDOWS\system32\MSIMG32.dll
0x00007ffb45240000 - 0x00007ffb45ab7000 	C:\WINDOWS\system32\SogouPy.ime
0x00007ffb664e0000 - 0x00007ffb66545000 	C:\WINDOWS\SYSTEM32\OLEACC.dll
0x00007ffb64db0000 - 0x00007ffb64ea0000 	C:\WINDOWS\SYSTEM32\WINHTTP.dll
0x000000001f8e0000 - 0x000000001fa1c000 	C:\Program Files (x86)\SogouInput\9.3.0.3129\Resource.dll
0x00007ffb472f0000 - 0x00007ffb47559000 	C:\Program Files (x86)\SogouInput\Components\PicFace\1.1.0.1859\PicFace64.dll
0x00007ffb74fd0000 - 0x00007ffb750a0000 	C:\WINDOWS\System32\COMDLG32.dll
0x00007ffb6f950000 - 0x00007ffb6fa3f000 	C:\WINDOWS\SYSTEM32\PROPSYS.dll
0x00007ffb4fd80000 - 0x00007ffb4fda3000 	C:\WINDOWS\SYSTEM32\edputil.dll
0x00007ffb58150000 - 0x00007ffb58285000 	C:\Windows\System32\Windows.StateRepositoryPS.dll
0x00007ffb654d0000 - 0x00007ffb656a6000 	C:\WINDOWS\SYSTEM32\urlmon.dll
0x00007ffb73140000 - 0x00007ffb7314c000 	C:\WINDOWS\SYSTEM32\CRYPTBASE.DLL
0x00007ffb73650000 - 0x00007ffb7367f000 	C:\WINDOWS\SYSTEM32\SspiCli.dll
0x00007ffb600e0000 - 0x00007ffb60100000 	C:\WINDOWS\SYSTEM32\CLDAPI.dll
0x00007ffb73e60000 - 0x00007ffb73e86000 	C:\WINDOWS\System32\bcrypt.dll
0x00007ffb73360000 - 0x00007ffb7336a000 	C:\WINDOWS\SYSTEM32\FLTLIB.DLL
0x00007ffb55c40000 - 0x00007ffb55cd3000 	C:\Windows\System32\appresolver.dll
0x00007ffb73620000 - 0x00007ffb73645000 	C:\Windows\System32\USERENV.dll
0x00007ffb72610000 - 0x00007ffb72637000 	C:\Windows\System32\SLC.dll
0x00007ffb5cf70000 - 0x00007ffb5cfcd000 	C:\Windows\System32\Bcp47Langs.dll
0x00007ffb725e0000 - 0x00007ffb72606000 	C:\Windows\System32\sppc.dll
0x00007ffb61f50000 - 0x00007ffb61fc9000 	C:\Windows\System32\OneCoreCommonProxyStub.dll
0x00007ffb6aa90000 - 0x00007ffb6b1fd000 	C:\Windows\System32\OneCoreUAPCommonProxyStub.dll

VM Arguments:
jvm_args: -Dfile.encoding=UTF-8 
java_command: jumpygrof.JumpyGrof
java_class_path (initial): C:\Program Files\NetBeans 8.2\java\modules\ext\beansbinding-1.2.1.jar;D:\NetBeansProjects\Year1 Sem2\JumpyGrof\build\classes
Launcher Type: SUN_STANDARD

Environment Variables:
PATH=C:\Program Files (x86)\Common Files\Oracle\Java\javapath;C:\Program Files (x86)\Common Files\Intel\Shared Libraries\redist\intel64\compiler;C:\Program Files (x86)\Intel\iCLS Client\;C:\Program Files\Intel\iCLS Client\;C:\ProgramData\Oracle\Java\javapath;C:\Windows\system32;C:\Windows;C:\Windows\System32\Wbem;C:\Windows\System32\WindowsPowerShell\v1.0\;C:\Windows\System32\OpenSSH\;C:\Program Files (x86)\Windows Live\Shared;C:\Program Files (x86)\QuickTime\QTSystem\;C:\Program Files (x86)\NVIDIA Corporation\PhysX\Common;C:\Program Files (x86)\Intel\Intel(R) Management Engine Components\DAL;C:\Program Files\Intel\Intel(R) Management Engine Components\DAL;C:\Program Files (x86)\Intel\Intel(R) Management Engine Components\IPT;C:\Program Files\Intel\Intel(R) Management Engine Components\IPT;C:\WINDOWS\system32;C:\WINDOWS;C:\WINDOWS\System32\Wbem;C:\WINDOWS\System32\WindowsPowerShell\v1.0\;C:\WINDOWS\System32\OpenSSH\;C:\Program Files\Intel\WiFi\bin\;C:\Program Files\Common Files\Intel\WirelessCommon\;C:\Program Files\Microsoft SQL Server\130\Tools\Binn\;C:\Program Files\dotnet\;C:\Program Files\CMake\bin;C:\Program Files\Git\cmd;C:\Users\USER\AppData\Local\Programs\Python\Python38\Scripts\;C:\Users\USER\AppData\Local\Programs\Python\Python38\;C:\Users\USER\AppData\Local\Microsoft\WindowsApps;C:\Program Files\Intel\WiFi\bin\;C:\Program Files\Common Files\Intel\WirelessCommon\;;C:\Users\USER\AppData\Local\Programs\Microsoft VS Code\bin;C:\Users\USER\.dotnet\tools
USERNAME=USER
OS=Windows_NT
PROCESSOR_IDENTIFIER=Intel64 Family 6 Model 142 Stepping 10, GenuineIntel



---------------  S Y S T E M  ---------------

OS: Windows 10.0 , 64 bit Build 18362 (10.0.18362.329)

CPU:total 8 (initial active 8) (4 cores per cpu, 2 threads per core) family 6 model 142 stepping 10, cmov, cx8, fxsr, mmx, sse, sse2, sse3, ssse3, sse4.1, sse4.2, popcnt, avx, avx2, aes, clmul, erms, 3dnowpref, lzcnt, ht, tsc, tscinvbit, bmi1, bmi2, adx

Memory: 4k page, physical 8264612k(1460644k free), swap 10361764k(123796k free)

vm_info: Java HotSpot(TM) 64-Bit Server VM (25.181-b13) for windows-amd64 JRE (1.8.0_181-b13), built on Jul  7 2018 04:01:33 by "java_re" with MS VC++ 10.0 (VS2010)

time: Sun May 31 00:37:00 2020
elapsed time: 43 seconds (0d 0h 0m 43s)

