#
# There is insufficient memory for the Java Runtime Environment to continue.
# Native memory allocation (malloc) failed to allocate 1048576 bytes for AllocateHeap
# Possible reasons:
#   The system is out of physical RAM or swap space
#   In 32 bit mode, the process size limit was hit
# Possible solutions:
#   Reduce memory load on the system
#   Increase physical memory or swap space
#   Check if swap backing store is full
#   Use 64 bit Java on a 64 bit OS
#   Decrease Java heap size (-Xmx/-Xms)
#   Decrease number of Java threads
#   Decrease Java thread stack sizes (-Xss)
#   Set larger code cache with -XX:ReservedCodeCacheSize=
# This output file may be truncated or incomplete.
#
#  Out of Memory Error (memory/allocation.inline.hpp:61), pid=12464, tid=0x0000000000002fa0
#
# JRE version:  (8.0_181-b13) (build )
# Java VM: Java HotSpot(TM) 64-Bit Server VM (25.181-b13 mixed mode windows-amd64 compressed oops)
# Failed to write core dump. Minidumps are not enabled by default on client versions of Windows
#

---------------  T H R E A D  ---------------

Current thread (0x0000000002bee800):  JavaThread "Unknown thread" [_thread_in_vm, id=12192, stack(0x0000000002a00000,0x0000000002b00000)]

Stack: [0x0000000002a00000,0x0000000002b00000]
[error occurred during error reporting (printing stack bounds), id 0xc0000005]

Native frames: (J=compiled Java code, j=interpreted, Vv=VM code, C=native code)


---------------  P R O C E S S  ---------------

Java Threads: ( => current thread )

Other Threads:

=>0x0000000002bee800 (exited) JavaThread "Unknown thread" [_thread_in_vm, id=12192, stack(0x0000000002a00000,0x0000000002b00000)]

VM state:not at safepoint (normal execution)

VM Mutex/Monitor currently owned by a thread: None

Heap:
 PSYoungGen      total 38400K, used 665K [0x00000000d5f80000, 0x00000000d8a00000, 0x0000000100000000)
  eden space 33280K, 2% used [0x00000000d5f80000,0x00000000d6026670,0x00000000d8000000)
  from space 5120K, 0% used [0x00000000d8500000,0x00000000d8500000,0x00000000d8a00000)
  to   space 5120K, 0% used [0x00000000d8000000,0x00000000d8000000,0x00000000d8500000)
 ParOldGen       total 87552K, used 0K [0x0000000081e00000, 0x0000000087380000, 0x00000000d5f80000)
  object space 87552K, 0% used [0x0000000081e00000,0x0000000081e00000,0x0000000087380000)
 Metaspace       used 775K, capacity 4480K, committed 4480K, reserved 1056768K
  class space    used 76K, capacity 384K, committed 384K, reserved 1048576K

Card table byte_map: [0x00000000120b0000,0x00000000124b0000] byte_map_base: 0x0000000011ca1000

Marking Bits: (ParMarkBitMap*) 0x00000000568b2d00
 Begin Bits: [0x0000000012f60000, 0x0000000014ee8000)
 End Bits:   [0x0000000014ee8000, 0x0000000016e70000)

Polling page: 0x0000000000cf0000

CodeCache: size=245760Kb used=328Kb max_used=328Kb free=245431Kb
 bounds [0x0000000002cf0000, 0x0000000002f60000, 0x0000000011cf0000]
 total_blobs=58 nmethods=0 adapters=38
 compilation: enabled

Compilation events (0 events):
No events

GC Heap History (0 events):
No events

Deoptimization events (0 events):
No events

Classes redefined (0 events):
No events

Internal exceptions (0 events):
No events

Events (10 events):
Event: 0.043 loading class java/lang/Short
Event: 0.043 loading class java/lang/Short done
Event: 0.043 loading class java/lang/Integer
Event: 0.044 loading class java/lang/Integer done
Event: 0.044 loading class java/lang/Long
Event: 0.044 loading class java/lang/Long done
Event: 0.045 loading class java/lang/NullPointerException
Event: 0.045 loading class java/lang/NullPointerException done
Event: 0.045 loading class java/lang/ArithmeticException
Event: 0.045 loading class java/lang/ArithmeticException done


Dynamic libraries:
0x00007ff6ea250000 - 0x00007ff6ea287000 	C:\Program Files\Java\jdk1.8.0_181\bin\java.exe
0x00007ffb76860000 - 0x00007ffb76a50000 	C:\WINDOWS\SYSTEM32\ntdll.dll
0x00007ffb75f00000 - 0x00007ffb75fb2000 	C:\WINDOWS\System32\KERNEL32.DLL
0x00007ffb73b10000 - 0x00007ffb73db3000 	C:\WINDOWS\System32\KERNELBASE.dll
0x00007ffb76770000 - 0x00007ffb76813000 	C:\WINDOWS\System32\ADVAPI32.dll
0x00007ffb74a10000 - 0x00007ffb74aae000 	C:\WINDOWS\System32\msvcrt.dll
0x00007ffb75e60000 - 0x00007ffb75ef7000 	C:\WINDOWS\System32\sechost.dll
0x00007ffb74e00000 - 0x00007ffb74f20000 	C:\WINDOWS\System32\RPCRT4.dll
0x00007ffb74b20000 - 0x00007ffb74cb4000 	C:\WINDOWS\System32\USER32.dll
0x00007ffb737f0000 - 0x00007ffb73811000 	C:\WINDOWS\System32\win32u.dll
0x00007ffb74910000 - 0x00007ffb74936000 	C:\WINDOWS\System32\GDI32.dll
0x00007ffb74770000 - 0x00007ffb74904000 	C:\WINDOWS\System32\gdi32full.dll
0x00007ffb739c0000 - 0x00007ffb73a5e000 	C:\WINDOWS\System32\msvcp_win.dll
0x00007ffb73e90000 - 0x00007ffb73f8a000 	C:\WINDOWS\System32\ucrtbase.dll
0x00007ffb658d0000 - 0x00007ffb65b55000 	C:\WINDOWS\WinSxS\amd64_microsoft.windows.common-controls_6595b64144ccf1df_6.0.18362.476_none_e6c4b11b130f2595\COMCTL32.dll
0x00007ffb76430000 - 0x00007ffb76766000 	C:\WINDOWS\System32\combase.dll
0x00007ffb73dc0000 - 0x00007ffb73e40000 	C:\WINDOWS\System32\bcryptPrimitives.dll
0x00007ffb750c0000 - 0x00007ffb750ee000 	C:\WINDOWS\System32\IMM32.DLL
0x0000000055fb0000 - 0x0000000056082000 	C:\Program Files\Java\jdk1.8.0_181\jre\bin\msvcr100.dll
0x0000000056090000 - 0x0000000056932000 	C:\Program Files\Java\jdk1.8.0_181\jre\bin\server\jvm.dll
0x00007ffb74ab0000 - 0x00007ffb74ab8000 	C:\WINDOWS\System32\PSAPI.DLL
0x00007ffb6de80000 - 0x00007ffb6dea4000 	C:\WINDOWS\SYSTEM32\WINMM.dll
0x00007ffb5a520000 - 0x00007ffb5a529000 	C:\WINDOWS\SYSTEM32\WSOCK32.dll
0x00007ffb6db80000 - 0x00007ffb6db8a000 	C:\WINDOWS\SYSTEM32\VERSION.dll
0x00007ffb74cc0000 - 0x00007ffb74d2f000 	C:\WINDOWS\System32\WS2_32.dll
0x00007ffb6dbc0000 - 0x00007ffb6dbed000 	C:\WINDOWS\SYSTEM32\winmmbase.dll
0x00007ffb73970000 - 0x00007ffb739ba000 	C:\WINDOWS\System32\cfgmgr32.dll
0x0000000057540000 - 0x000000005754f000 	C:\Program Files\Java\jdk1.8.0_181\jre\bin\verify.dll
0x0000000056fb0000 - 0x0000000056fd9000 	C:\Program Files\Java\jdk1.8.0_181\jre\bin\java.dll
0x0000000056f90000 - 0x0000000056fa6000 	C:\Program Files\Java\jdk1.8.0_181\jre\bin\zip.dll

VM Arguments:
jvm_args: -Dfile.encoding=UTF-8 
java_command: jumpygrof.JumpyGrof
java_class_path (initial): C:\Program Files\NetBeans 8.2\java\modules\ext\beansbinding-1.2.1.jar;D:\NetBeansProjects\Year1 Sem2\JumpyGrof\build\classes
Launcher Type: SUN_STANDARD

Environment Variables:
PATH=C:\Program Files (x86)\Common Files\Oracle\Java\javapath;C:\Program Files (x86)\Common Files\Intel\Shared Libraries\redist\intel64\compiler;C:\Program Files (x86)\Intel\iCLS Client\;C:\Program Files\Intel\iCLS Client\;C:\ProgramData\Oracle\Java\javapath;C:\Windows\system32;C:\Windows;C:\Windows\System32\Wbem;C:\Windows\System32\WindowsPowerShell\v1.0\;C:\Windows\System32\OpenSSH\;C:\Program Files (x86)\Windows Live\Shared;C:\Program Files (x86)\QuickTime\QTSystem\;C:\Program Files (x86)\NVIDIA Corporation\PhysX\Common;C:\Program Files (x86)\Intel\Intel(R) Management Engine Components\DAL;C:\Program Files\Intel\Intel(R) Management Engine Components\DAL;C:\Program Files (x86)\Intel\Intel(R) Management Engine Components\IPT;C:\Program Files\Intel\Intel(R) Management Engine Components\IPT;C:\WINDOWS\system32;C:\WINDOWS;C:\WINDOWS\System32\Wbem;C:\WINDOWS\System32\WindowsPowerShell\v1.0\;C:\WINDOWS\System32\OpenSSH\;C:\Program Files\Intel\WiFi\bin\;C:\Program Files\Common Files\Intel\WirelessCommon\;C:\Program Files\Microsoft SQL Server\130\Tools\Binn\;C:\Program Files\dotnet\;C:\Program Files\CMake\bin;C:\Program Files\Git\cmd;C:\Users\USER\AppData\Local\Programs\Python\Python38\Scripts\;C:\Users\USER\AppData\Local\Programs\Python\Python38\;C:\Users\USER\AppData\Local\Microsoft\WindowsApps;C:\Program Files\Intel\WiFi\bin\;C:\Program Files\Common Files\Intel\WirelessCommon\;;C:\Users\USER\AppData\Local\Programs\Microsoft VS Code\bin;C:\Users\USER\.dotnet\tools
USERNAME=USER
OS=Windows_NT
PROCESSOR_IDENTIFIER=Intel64 Family 6 Model 142 Stepping 10, GenuineIntel



---------------  S Y S T E M  ---------------

OS: Windows 10.0 , 64 bit Build 18362 (10.0.18362.329)

CPU:total 8 (initial active 8) (4 cores per cpu, 2 threads per core) family 6 model 142 stepping 10, cmov, cx8, fxsr, mmx, sse, sse2, sse3, ssse3, sse4.1, sse4.2, popcnt, avx, avx2, aes, clmul, erms, 3dnowpref, lzcnt, ht, tsc, tscinvbit, bmi1, bmi2, adx

Memory: 4k page, physical 8264612k(1926892k free), swap 10361764k(5248k free)

vm_info: Java HotSpot(TM) 64-Bit Server VM (25.181-b13) for windows-amd64 JRE (1.8.0_181-b13), built on Jul  7 2018 04:01:33 by "java_re" with MS VC++ 10.0 (VS2010)

time: Thu Jun 04 15:40:56 2020
elapsed time: 0 seconds (0d 0h 0m 0s)

